mode: set
github.com/scheduler0/scheduler0-go-client/client.go:26.83,28.16 2 1
github.com/scheduler0/scheduler0-go-client/client.go:28.16,30.3 1 0
github.com/scheduler0/scheduler0-go-client/client.go:32.2,39.33 2 1
github.com/scheduler0/scheduler0-go-client/client.go:39.33,41.3 1 1
github.com/scheduler0/scheduler0-go-client/client.go:43.2,43.20 1 1
github.com/scheduler0/scheduler0-go-client/client.go:50.56,51.25 1 1
github.com/scheduler0/scheduler0-go-client/client.go:51.25,54.3 2 1
github.com/scheduler0/scheduler0-go-client/client.go:58.51,59.25 1 1
github.com/scheduler0/scheduler0-go-client/client.go:59.25,61.3 1 1
github.com/scheduler0/scheduler0-go-client/client.go:65.60,66.25 1 1
github.com/scheduler0/scheduler0-go-client/client.go:66.25,69.3 2 1
github.com/scheduler0/scheduler0-go-client/client.go:75.80,77.2 1 1
github.com/scheduler0/scheduler0-go-client/client.go:80.102,82.2 1 1
github.com/scheduler0/scheduler0-go-client/client.go:85.87,87.2 1 1
github.com/scheduler0/scheduler0-go-client/client.go:89.95,96.17 5 1
github.com/scheduler0/scheduler0-go-client/client.go:96.17,98.17 2 1
github.com/scheduler0/scheduler0-go-client/client.go:98.17,100.4 1 0
github.com/scheduler0/scheduler0-go-client/client.go:103.2,104.16 2 1
github.com/scheduler0/scheduler0-go-client/client.go:104.16,106.3 1 0
github.com/scheduler0/scheduler0-go-client/client.go:108.2,111.42 2 1
github.com/scheduler0/scheduler0-go-client/client.go:111.42,115.3 2 0
github.com/scheduler0/scheduler0-go-client/client.go:115.8,115.48 1 1
github.com/scheduler0/scheduler0-go-client/client.go:115.48,119.3 2 1
github.com/scheduler0/scheduler0-go-client/client.go:122.2,122.23 1 1
github.com/scheduler0/scheduler0-go-client/client.go:122.23,124.3 1 1
github.com/scheduler0/scheduler0-go-client/client.go:126.2,126.17 1 1
github.com/scheduler0/scheduler0-go-client/client.go:129.135,136.26 4 1
github.com/scheduler0/scheduler0-go-client/client.go:136.26,138.39 2 1
github.com/scheduler0/scheduler0-go-client/client.go:138.39,140.4 1 1
github.com/scheduler0/scheduler0-go-client/client.go:141.3,141.26 1 1
github.com/scheduler0/scheduler0-go-client/client.go:144.2,145.17 2 1
github.com/scheduler0/scheduler0-go-client/client.go:145.17,147.17 2 0
github.com/scheduler0/scheduler0-go-client/client.go:147.17,149.4 1 0
github.com/scheduler0/scheduler0-go-client/client.go:152.2,153.16 2 1
github.com/scheduler0/scheduler0-go-client/client.go:153.16,155.3 1 0
github.com/scheduler0/scheduler0-go-client/client.go:157.2,160.42 2 1
github.com/scheduler0/scheduler0-go-client/client.go:160.42,164.3 2 0
github.com/scheduler0/scheduler0-go-client/client.go:164.8,164.48 1 1
github.com/scheduler0/scheduler0-go-client/client.go:164.48,168.3 2 1
github.com/scheduler0/scheduler0-go-client/client.go:171.2,171.23 1 1
github.com/scheduler0/scheduler0-go-client/client.go:171.23,173.3 1 1
github.com/scheduler0/scheduler0-go-client/client.go:175.2,175.17 1 1
github.com/scheduler0/scheduler0-go-client/client.go:178.61,180.16 2 1
github.com/scheduler0/scheduler0-go-client/client.go:180.16,182.3 1 0
github.com/scheduler0/scheduler0-go-client/client.go:183.2,185.28 2 1
github.com/scheduler0/scheduler0-go-client/client.go:185.28,188.3 2 0
github.com/scheduler0/scheduler0-go-client/client.go:190.2,190.14 1 1
github.com/scheduler0/scheduler0-go-client/client.go:190.14,192.3 1 1
github.com/scheduler0/scheduler0-go-client/client.go:193.2,193.12 1 1
github.com/scheduler0/scheduler0-go-client/client.go:196.126,202.19 2 1
github.com/scheduler0/scheduler0-go-client/client.go:202.19,204.3 1 1
github.com/scheduler0/scheduler0-go-client/client.go:205.2,205.28 1 1
github.com/scheduler0/scheduler0-go-client/client.go:205.28,207.3 1 1
github.com/scheduler0/scheduler0-go-client/client.go:209.2,210.16 2 1
github.com/scheduler0/scheduler0-go-client/client.go:210.16,212.3 1 0
github.com/scheduler0/scheduler0-go-client/client.go:214.2,216.16 3 1
github.com/scheduler0/scheduler0-go-client/client.go:216.16,218.3 1 0
github.com/scheduler0/scheduler0-go-client/client.go:219.2,219.21 1 1
github.com/scheduler0/scheduler0-go-client/client.go:278.99,280.16 2 1
github.com/scheduler0/scheduler0-go-client/client.go:280.16,282.3 1 0
github.com/scheduler0/scheduler0-go-client/client.go:284.2,286.16 3 1
github.com/scheduler0/scheduler0-go-client/client.go:286.16,288.3 1 0
github.com/scheduler0/scheduler0-go-client/client.go:289.2,289.21 1 1
github.com/scheduler0/scheduler0-go-client/client.go:293.72,295.16 2 1
github.com/scheduler0/scheduler0-go-client/client.go:295.16,297.3 1 0
github.com/scheduler0/scheduler0-go-client/client.go:299.2,301.16 3 1
github.com/scheduler0/scheduler0-go-client/client.go:301.16,303.3 1 0
github.com/scheduler0/scheduler0-go-client/client.go:304.2,304.21 1 1
github.com/scheduler0/scheduler0-go-client/client.go:308.110,310.16 2 1
github.com/scheduler0/scheduler0-go-client/client.go:310.16,312.3 1 0
github.com/scheduler0/scheduler0-go-client/client.go:314.2,316.16 3 1
github.com/scheduler0/scheduler0-go-client/client.go:316.16,318.3 1 0
github.com/scheduler0/scheduler0-go-client/client.go:319.2,319.21 1 1
github.com/scheduler0/scheduler0-go-client/client.go:323.87,325.16 2 1
github.com/scheduler0/scheduler0-go-client/client.go:325.16,327.3 1 0
github.com/scheduler0/scheduler0-go-client/client.go:329.2,329.23 1 1
github.com/scheduler0/scheduler0-go-client/client.go:333.72,339.16 3 1
github.com/scheduler0/scheduler0-go-client/client.go:339.16,341.3 1 0
github.com/scheduler0/scheduler0-go-client/client.go:343.2,343.23 1 1
github.com/scheduler0/scheduler0-go-client/client.go:380.141,388.19 2 1
github.com/scheduler0/scheduler0-go-client/client.go:388.19,390.3 1 0
github.com/scheduler0/scheduler0-go-client/client.go:391.2,391.15 1 1
github.com/scheduler0/scheduler0-go-client/client.go:391.15,393.3 1 0
github.com/scheduler0/scheduler0-go-client/client.go:395.2,396.16 2 1
github.com/scheduler0/scheduler0-go-client/client.go:396.16,398.3 1 0
github.com/scheduler0/scheduler0-go-client/client.go:400.2,402.16 3 1
github.com/scheduler0/scheduler0-go-client/client.go:402.16,404.3 1 0
github.com/scheduler0/scheduler0-go-client/client.go:405.2,405.21 1 1
github.com/scheduler0/scheduler0-go-client/client.go:483.122,489.19 2 1
github.com/scheduler0/scheduler0-go-client/client.go:489.19,491.3 1 1
github.com/scheduler0/scheduler0-go-client/client.go:492.2,492.28 1 1
github.com/scheduler0/scheduler0-go-client/client.go:492.28,494.3 1 1
github.com/scheduler0/scheduler0-go-client/client.go:496.2,497.16 2 1
github.com/scheduler0/scheduler0-go-client/client.go:497.16,499.3 1 0
github.com/scheduler0/scheduler0-go-client/client.go:501.2,503.16 3 1
github.com/scheduler0/scheduler0-go-client/client.go:503.16,505.3 1 0
github.com/scheduler0/scheduler0-go-client/client.go:506.2,506.21 1 1
github.com/scheduler0/scheduler0-go-client/client.go:510.87,512.16 2 1
github.com/scheduler0/scheduler0-go-client/client.go:512.16,514.3 1 0
github.com/scheduler0/scheduler0-go-client/client.go:516.2,518.16 3 1
github.com/scheduler0/scheduler0-go-client/client.go:518.16,520.3 1 0
github.com/scheduler0/scheduler0-go-client/client.go:521.2,521.21 1 1
github.com/scheduler0/scheduler0-go-client/client.go:525.68,527.16 2 1
github.com/scheduler0/scheduler0-go-client/client.go:527.16,529.3 1 0
github.com/scheduler0/scheduler0-go-client/client.go:531.2,533.16 3 1
github.com/scheduler0/scheduler0-go-client/client.go:533.16,535.3 1 0
github.com/scheduler0/scheduler0-go-client/client.go:536.2,536.21 1 1
github.com/scheduler0/scheduler0-go-client/client.go:540.104,542.16 2 1
github.com/scheduler0/scheduler0-go-client/client.go:542.16,544.3 1 0
github.com/scheduler0/scheduler0-go-client/client.go:546.2,548.16 3 1
github.com/scheduler0/scheduler0-go-client/client.go:548.16,550.3 1 0
github.com/scheduler0/scheduler0-go-client/client.go:551.2,551.21 1 1
github.com/scheduler0/scheduler0-go-client/client.go:555.83,557.16 2 1
github.com/scheduler0/scheduler0-go-client/client.go:557.16,559.3 1 0
github.com/scheduler0/scheduler0-go-client/client.go:561.2,561.23 1 1
github.com/scheduler0/scheduler0-go-client/client.go:682.120,688.19 2 1
github.com/scheduler0/scheduler0-go-client/client.go:688.19,690.3 1 1
github.com/scheduler0/scheduler0-go-client/client.go:691.2,691.28 1 1
github.com/scheduler0/scheduler0-go-client/client.go:691.28,693.3 1 1
github.com/scheduler0/scheduler0-go-client/client.go:695.2,696.16 2 1
github.com/scheduler0/scheduler0-go-client/client.go:696.16,698.3 1 0
github.com/scheduler0/scheduler0-go-client/client.go:700.2,702.16 3 1
github.com/scheduler0/scheduler0-go-client/client.go:702.16,704.3 1 0
github.com/scheduler0/scheduler0-go-client/client.go:705.2,705.21 1 1
github.com/scheduler0/scheduler0-go-client/client.go:709.84,711.16 2 1
github.com/scheduler0/scheduler0-go-client/client.go:711.16,713.3 1 0
github.com/scheduler0/scheduler0-go-client/client.go:715.2,717.16 3 1
github.com/scheduler0/scheduler0-go-client/client.go:717.16,719.3 1 0
github.com/scheduler0/scheduler0-go-client/client.go:720.2,720.21 1 1
github.com/scheduler0/scheduler0-go-client/client.go:724.65,726.16 2 1
github.com/scheduler0/scheduler0-go-client/client.go:726.16,728.3 1 0
github.com/scheduler0/scheduler0-go-client/client.go:730.2,732.16 3 1
github.com/scheduler0/scheduler0-go-client/client.go:732.16,734.3 1 0
github.com/scheduler0/scheduler0-go-client/client.go:735.2,735.21 1 1
github.com/scheduler0/scheduler0-go-client/client.go:739.100,741.16 2 1
github.com/scheduler0/scheduler0-go-client/client.go:741.16,743.3 1 0
github.com/scheduler0/scheduler0-go-client/client.go:745.2,747.16 3 1
github.com/scheduler0/scheduler0-go-client/client.go:747.16,749.3 1 0
github.com/scheduler0/scheduler0-go-client/client.go:750.2,750.21 1 1
github.com/scheduler0/scheduler0-go-client/client.go:754.80,756.16 2 1
github.com/scheduler0/scheduler0-go-client/client.go:756.16,758.3 1 0
github.com/scheduler0/scheduler0-go-client/client.go:760.2,760.23 1 1
github.com/scheduler0/scheduler0-go-client/client.go:846.130,853.21 2 1
github.com/scheduler0/scheduler0-go-client/client.go:853.21,855.3 1 1
github.com/scheduler0/scheduler0-go-client/client.go:857.2,857.19 1 1
github.com/scheduler0/scheduler0-go-client/client.go:857.19,859.3 1 1
github.com/scheduler0/scheduler0-go-client/client.go:860.2,860.28 1 1
github.com/scheduler0/scheduler0-go-client/client.go:860.28,862.3 1 1
github.com/scheduler0/scheduler0-go-client/client.go:864.2,865.16 2 1
github.com/scheduler0/scheduler0-go-client/client.go:865.16,867.3 1 0
github.com/scheduler0/scheduler0-go-client/client.go:869.2,871.16 3 1
github.com/scheduler0/scheduler0-go-client/client.go:871.16,873.3 1 0
github.com/scheduler0/scheduler0-go-client/client.go:874.2,874.21 1 1
github.com/scheduler0/scheduler0-go-client/client.go:881.77,883.2 1 1
github.com/scheduler0/scheduler0-go-client/client.go:886.84,888.16 2 1
github.com/scheduler0/scheduler0-go-client/client.go:888.16,890.3 1 0
github.com/scheduler0/scheduler0-go-client/client.go:892.2,894.16 3 1
github.com/scheduler0/scheduler0-go-client/client.go:894.16,896.3 1 0
github.com/scheduler0/scheduler0-go-client/client.go:897.2,897.21 1 1
github.com/scheduler0/scheduler0-go-client/client.go:901.58,903.16 2 1
github.com/scheduler0/scheduler0-go-client/client.go:903.16,905.3 1 0
github.com/scheduler0/scheduler0-go-client/client.go:907.2,909.16 3 1
github.com/scheduler0/scheduler0-go-client/client.go:909.16,911.3 1 0
github.com/scheduler0/scheduler0-go-client/client.go:912.2,912.21 1 1
github.com/scheduler0/scheduler0-go-client/client.go:916.89,918.16 2 1
github.com/scheduler0/scheduler0-go-client/client.go:918.16,920.3 1 0
github.com/scheduler0/scheduler0-go-client/client.go:922.2,924.16 3 1
github.com/scheduler0/scheduler0-go-client/client.go:924.16,926.3 1 0
github.com/scheduler0/scheduler0-go-client/client.go:927.2,927.21 1 1
github.com/scheduler0/scheduler0-go-client/client.go:931.73,933.16 2 1
github.com/scheduler0/scheduler0-go-client/client.go:933.16,935.3 1 0
github.com/scheduler0/scheduler0-go-client/client.go:937.2,937.23 1 1
github.com/scheduler0/scheduler0-go-client/client.go:943.90,945.16 2 1
github.com/scheduler0/scheduler0-go-client/client.go:945.16,947.3 1 0
github.com/scheduler0/scheduler0-go-client/client.go:949.2,951.16 3 1
github.com/scheduler0/scheduler0-go-client/client.go:951.16,953.3 1 0
github.com/scheduler0/scheduler0-go-client/client.go:954.2,954.21 1 1
github.com/scheduler0/scheduler0-go-client/client.go:958.66,960.16 2 1
github.com/scheduler0/scheduler0-go-client/client.go:960.16,962.3 1 0
github.com/scheduler0/scheduler0-go-client/client.go:964.2,966.16 3 1
github.com/scheduler0/scheduler0-go-client/client.go:966.16,968.3 1 0
github.com/scheduler0/scheduler0-go-client/client.go:969.2,969.21 1 1
github.com/scheduler0/scheduler0-go-client/client.go:973.111,975.16 2 1
github.com/scheduler0/scheduler0-go-client/client.go:975.16,977.3 1 0
github.com/scheduler0/scheduler0-go-client/client.go:979.2,981.16 3 1
github.com/scheduler0/scheduler0-go-client/client.go:981.16,983.3 1 0
github.com/scheduler0/scheduler0-go-client/client.go:984.2,984.21 1 1
github.com/scheduler0/scheduler0-go-client/client.go:988.89,990.16 2 1
github.com/scheduler0/scheduler0-go-client/client.go:990.16,992.3 1 0
github.com/scheduler0/scheduler0-go-client/client.go:994.2,994.23 1 1
github.com/scheduler0/scheduler0-go-client/client.go:998.66,1000.16 2 1
github.com/scheduler0/scheduler0-go-client/client.go:1000.16,1002.3 1 0
github.com/scheduler0/scheduler0-go-client/client.go:1004.2,1004.23 1 1
github.com/scheduler0/scheduler0-go-client/client.go:1008.71,1010.16 2 1
github.com/scheduler0/scheduler0-go-client/client.go:1010.16,1012.3 1 0
github.com/scheduler0/scheduler0-go-client/client.go:1014.2,1014.23 1 1
github.com/scheduler0/scheduler0-go-client/client.go:1020.60,1022.16 2 1
github.com/scheduler0/scheduler0-go-client/client.go:1022.16,1024.3 1 0
github.com/scheduler0/scheduler0-go-client/client.go:1026.2,1028.16 3 1
github.com/scheduler0/scheduler0-go-client/client.go:1028.16,1030.3 1 0
github.com/scheduler0/scheduler0-go-client/client.go:1031.2,1031.21 1 1
github.com/scheduler0/scheduler0-go-client/client.go:1037.77,1039.16 2 1
github.com/scheduler0/scheduler0-go-client/client.go:1039.16,1041.3 1 0
github.com/scheduler0/scheduler0-go-client/client.go:1043.2,1045.16 3 1
github.com/scheduler0/scheduler0-go-client/client.go:1045.16,1047.3 1 0
github.com/scheduler0/scheduler0-go-client/client.go:1048.2,1048.21 1 1
github.com/scheduler0/scheduler0-go-client/client.go:1087.62,1094.16 5 1
github.com/scheduler0/scheduler0-go-client/client.go:1094.16,1096.3 1 0
github.com/scheduler0/scheduler0-go-client/client.go:1098.2,1102.16 4 1
github.com/scheduler0/scheduler0-go-client/client.go:1102.16,1104.3 1 0
github.com/scheduler0/scheduler0-go-client/client.go:1105.2,1105.21 1 1
github.com/scheduler0/scheduler0-go-client/client.go:1138.91,1140.16 2 1
github.com/scheduler0/scheduler0-go-client/client.go:1140.16,1142.3 1 0
github.com/scheduler0/scheduler0-go-client/client.go:1144.2,1146.16 3 1
github.com/scheduler0/scheduler0-go-client/client.go:1146.16,1148.3 1 0
github.com/scheduler0/scheduler0-go-client/client.go:1149.2,1149.20 1 1
